#
# There is insufficient memory for the Java Runtime Environment to continue.
# Native memory allocation (malloc) failed to allocate 1159216 bytes for Chunk::new
# Possible reasons:
#   The system is out of physical RAM or swap space
#   In 32 bit mode, the process size limit was hit
# Possible solutions:
#   Reduce memory load on the system
#   Increase physical memory or swap space
#   Check if swap backing store is full
#   Use 64 bit Java on a 64 bit OS
#   Decrease Java heap size (-Xmx/-Xms)
#   Decrease number of Java threads
#   Decrease Java thread stack sizes (-Xss)
#   Set larger code cache with -XX:ReservedCodeCacheSize=
# This output file may be truncated or incomplete.
#
#  Out of Memory Error (allocation.cpp:390), pid=6028, tid=3528
#
# JRE version: Java(TM) SE Runtime Environment (8.0_45-b15) (build 1.8.0_45-b15)
# Java VM: Java HotSpot(TM) 64-Bit Server VM (25.45-b02 mixed mode windows-amd64 compressed oops)
# Failed to write core dump. Minidumps are not enabled by default on client versions of Windows
#

---------------  T H R E A D  ---------------

Current thread (0x0000000017924000):  JavaThread "C2 CompilerThread2" daemon [_thread_in_native, id=3528, stack(0x00000000180f0000,0x00000000181f0000)]

Stack: [0x00000000180f0000,0x00000000181f0000]
Native frames: (J=compiled Java code, j=interpreted, Vv=VM code, C=native code)
V  [jvm.dll+0x32b57a]
V  [jvm.dll+0x279873]
V  [jvm.dll+0x27a509]
V  [jvm.dll+0x271825]
V  [jvm.dll+0xcb9e2]
V  [jvm.dll+0xcbeac]
V  [jvm.dll+0x4929e7]
V  [jvm.dll+0x45f8ca]
V  [jvm.dll+0x46a73b]
V  [jvm.dll+0x46cd52]
V  [jvm.dll+0x4500f2]
V  [jvm.dll+0xa4352]
V  [jvm.dll+0xa4c8f]
V  [jvm.dll+0x241984]
V  [jvm.dll+0x29853a]
C  [msvcr100.dll+0x21d9f]
C  [msvcr100.dll+0x21e3b]
C  [KERNEL32.DLL+0x13d2]
C  [ntdll.dll+0x15444]


Current CompileTask:
C2:3690572 17332       4       com.sun.tools.javac.jvm.ClassWriter::writePool (1051 bytes)


---------------  P R O C E S S  ---------------

Java Threads: ( => current thread )
  0x0000000021420000 JavaThread "Forward streams with process: command 'C:\Program Files\Java\jdk1.8.0_45\bin\java.exe' Thread 3" [_thread_in_native, id=228, stack(0x000000002bed0000,0x000000002bfd0000)]
  0x000000002141e000 JavaThread "Forward streams with process: command 'C:\Program Files\Java\jdk1.8.0_45\bin\java.exe' Thread 2" [_thread_in_native, id=8652, stack(0x0000000025740000,0x0000000025840000)]
  0x000000001f509800 JavaThread "Forward streams with process: command 'C:\Program Files\Java\jdk1.8.0_45\bin\java.exe'" [_thread_blocked, id=580, stack(0x0000000023ff0000,0x00000000240f0000)]
  0x000000001f4fa000 JavaThread "Run command 'C:\Program Files\Java\jdk1.8.0_45\bin\java.exe'" [_thread_in_native, id=8168, stack(0x000000001ab80000,0x000000001ac80000)]
  0x000000001facb000 JavaThread "Stdin handler" [_thread_blocked, id=7828, stack(0x000000001aa80000,0x000000001ab80000)]
  0x000000001fac9800 JavaThread "Cancel handler" [_thread_blocked, id=7000, stack(0x000000001a880000,0x000000001a980000)]
  0x000000001fac9000 JavaThread "Handler for socket connection from /127.0.0.1:59331 to /127.0.0.1:49611" [_thread_in_native, id=9004, stack(0x000000001a780000,0x000000001a880000)]
  0x000000001f508000 JavaThread "Daemon worker Thread 8" [_thread_blocked, id=1508, stack(0x000000001a980000,0x000000001aa80000)]
  0x000000001f4fb800 JavaThread "Daemon Thread 8" [_thread_blocked, id=8688, stack(0x000000001a680000,0x000000001a780000)]
  0x000000001a017800 JavaThread "File lock request listener" [_thread_in_native, id=340, stack(0x000000001d650000,0x000000001d750000)]
  0x0000000017bff800 JavaThread "Incoming local TCP Connector on port 59331" [_thread_in_native, id=2944, stack(0x000000001a380000,0x000000001a480000)]
  0x00000000179c4000 JavaThread "Service Thread" daemon [_thread_blocked, id=5916, stack(0x00000000182f0000,0x00000000183f0000)]
  0x0000000017929800 JavaThread "C1 CompilerThread3" daemon [_thread_blocked, id=8388, stack(0x00000000181f0000,0x00000000182f0000)]
=>0x0000000017924000 JavaThread "C2 CompilerThread2" daemon [_thread_in_native, id=3528, stack(0x00000000180f0000,0x00000000181f0000)]
  0x000000001791c000 JavaThread "C2 CompilerThread1" daemon [_thread_blocked, id=8392, stack(0x0000000017ff0000,0x00000000180f0000)]
  0x0000000017917000 JavaThread "C2 CompilerThread0" daemon [_thread_blocked, id=7328, stack(0x0000000017ef0000,0x0000000017ff0000)]
  0x0000000017916000 JavaThread "Attach Listener" daemon [_thread_blocked, id=8448, stack(0x0000000017df0000,0x0000000017ef0000)]
  0x0000000017915800 JavaThread "Signal Dispatcher" daemon [_thread_blocked, id=608, stack(0x0000000017cf0000,0x0000000017df0000)]
  0x0000000002d39800 JavaThread "Finalizer" daemon [_thread_blocked, id=6480, stack(0x00000000177f0000,0x00000000178f0000)]
  0x0000000002d33000 JavaThread "Reference Handler" daemon [_thread_blocked, id=7012, stack(0x00000000176f0000,0x00000000177f0000)]
  0x0000000002dee000 JavaThread "main" [_thread_blocked, id=9184, stack(0x0000000002b00000,0x0000000002c00000)]

Other Threads:
  0x0000000015909000 VMThread [stack: 0x00000000175f0000,0x00000000176f0000] [id=6824]
  0x00000000179c7000 WatcherThread [stack: 0x00000000183f0000,0x00000000184f0000] [id=6692]

VM state:not at safepoint (normal execution)

VM Mutex/Monitor currently owned by a thread: None

Heap:
 PSYoungGen      total 267776K, used 114906K [0x00000000eab00000, 0x00000000fff80000, 0x0000000100000000)
  eden space 192000K, 59% used [0x00000000eab00000,0x00000000f1b36928,0x00000000f6680000)
  from space 75776K, 0% used [0x00000000f6680000,0x00000000f6680000,0x00000000fb080000)
  to   space 73216K, 0% used [0x00000000fb800000,0x00000000fb800000,0x00000000fff80000)
 ParOldGen       total 364544K, used 210430K [0x00000000c0000000, 0x00000000d6400000, 0x00000000eab00000)
  object space 364544K, 57% used [0x00000000c0000000,0x00000000ccd7f8c0,0x00000000d6400000)
 Metaspace       used 207892K, capacity 216906K, committed 217384K, reserved 1234944K
  class space    used 28846K, capacity 32376K, committed 32552K, reserved 1048576K

Card table byte_map: [0x00000000121b0000,0x00000000123c0000] byte_map_base: 0x0000000011bb0000

Marking Bits: (ParMarkBitMap*) 0x0000000069b24040
 Begin Bits: [0x0000000012d20000, 0x0000000013d20000)
 End Bits:   [0x0000000013d20000, 0x0000000014d20000)

Polling page: 0x00000000011c0000

CodeCache: size=245760Kb used=50110Kb max_used=50140Kb free=195649Kb
 bounds [0x0000000002df0000, 0x0000000005f40000, 0x0000000011df0000]
 total_blobs=14322 nmethods=13597 adapters=635
 compilation: enabled

Compilation events (10 events):
Event: 3689.146 Thread 0x0000000017924000 17330 %     4       com.sun.tools.javac.jvm.ClassWriter::writeFields @ 6 (68 bytes)
Event: 3689.158 Thread 0x0000000017924000 nmethod 17330% 0x0000000005f16110 code [0x0000000005f16280, 0x0000000005f165a8]
Event: 3689.174 Thread 0x000000001791c000 17331       4       com.sun.tools.javac.code.Types$DefaultTypeVisitor::visitArrayType (7 bytes)
Event: 3689.184 Thread 0x000000001791c000 nmethod 17331 0x0000000005f210d0 code [0x0000000005f21240, 0x0000000005f21518]
Event: 3689.210 Thread 0x0000000017924000 17332       4       com.sun.tools.javac.jvm.ClassWriter::writePool (1051 bytes)
Event: 3689.271 Thread 0x0000000017929800 17333       3       com.android.build.gradle.internal.TaskManager::getMetaClass (23 bytes)
Event: 3689.272 Thread 0x0000000017929800 nmethod 17333 0x0000000005f15c90 code [0x0000000005f15e00, 0x0000000005f16088]
Event: 3689.375 Thread 0x0000000017917000 nmethod 17327 0x0000000005f33950 code [0x0000000005f33ec0, 0x0000000005f38f80]
Event: 3689.498 Thread 0x0000000017929800 17334       3       com.android.build.gradle.internal.TaskManager::getProperty (12 bytes)
Event: 3689.499 Thread 0x0000000017929800 nmethod 17334 0x0000000005f1bdd0 code [0x0000000005f1bf60, 0x0000000005f1c378]

GC Heap History (10 events):
Event: 3657.286 GC heap before
{Heap before GC invocations=54 (full 11):
 PSYoungGen      total 271872K, used 215846K [0x00000000eab00000, 0x0000000100000000, 0x0000000100000000)
  eden space 193024K, 100% used [0x00000000eab00000,0x00000000f6780000,0x00000000f6780000)
  from space 78848K, 28% used [0x00000000fb300000,0x00000000fc9498d0,0x0000000100000000)
  to   space 77312K, 0% used [0x00000000f6780000,0x00000000f6780000,0x00000000fb300000)
 ParOldGen       total 210432K, used 188983K [0x00000000c0000000, 0x00000000ccd80000, 0x00000000eab00000)
  object space 210432K, 89% used [0x00000000c0000000,0x00000000cb88dd68,0x00000000ccd80000)
 Metaspace       used 193339K, capacity 201946K, committed 202792K, reserved 1222656K
  class space    used 26744K, capacity 30171K, committed 30504K, reserved 1048576K
Event: 3657.327 GC heap after
Heap after GC invocations=54 (full 11):
 PSYoungGen      total 221696K, used 28199K [0x00000000eab00000, 0x00000000ff980000, 0x0000000100000000)
  eden space 193024K, 0% used [0x00000000eab00000,0x00000000eab00000,0x00000000f6780000)
  from space 28672K, 98% used [0x00000000f6780000,0x00000000f8309d70,0x00000000f8380000)
  to   space 74752K, 0% used [0x00000000fb080000,0x00000000fb080000,0x00000000ff980000)
 ParOldGen       total 210432K, used 188991K [0x00000000c0000000, 0x00000000ccd80000, 0x00000000eab00000)
  object space 210432K, 89% used [0x00000000c0000000,0x00000000cb88fd68,0x00000000ccd80000)
 Metaspace       used 193339K, capacity 201946K, committed 202792K, reserved 1222656K
  class space    used 26744K, capacity 30171K, committed 30504K, reserved 1048576K
}
Event: 3666.857 GC heap before
{Heap before GC invocations=55 (full 11):
 PSYoungGen      total 221696K, used 221223K [0x00000000eab00000, 0x00000000ff980000, 0x0000000100000000)
  eden space 193024K, 100% used [0x00000000eab00000,0x00000000f6780000,0x00000000f6780000)
  from space 28672K, 98% used [0x00000000f6780000,0x00000000f8309d70,0x00000000f8380000)
  to   space 74752K, 0% used [0x00000000fb080000,0x00000000fb080000,0x00000000ff980000)
 ParOldGen       total 210432K, used 188991K [0x00000000c0000000, 0x00000000ccd80000, 0x00000000eab00000)
  object space 210432K, 89% used [0x00000000c0000000,0x00000000cb88fd68,0x00000000ccd80000)
 Metaspace       used 199543K, capacity 208442K, committed 209064K, reserved 1226752K
  class space    used 27706K, capacity 31241K, committed 31400K, reserved 1048576K
Event: 3666.919 GC heap after
Heap after GC invocations=55 (full 11):
 PSYoungGen      total 266752K, used 49429K [0x00000000eab00000, 0x0000000100000000, 0x0000000100000000)
  eden space 192000K, 0% used [0x00000000eab00000,0x00000000eab00000,0x00000000f6680000)
  from space 74752K, 66% used [0x00000000fb080000,0x00000000fe0c55b0,0x00000000ff980000)
  to   space 75776K, 0% used [0x00000000f6680000,0x00000000f6680000,0x00000000fb080000)
 ParOldGen       total 210432K, used 188999K [0x00000000c0000000, 0x00000000ccd80000, 0x00000000eab00000)
  object space 210432K, 89% used [0x00000000c0000000,0x00000000cb891d68,0x00000000ccd80000)
 Metaspace       used 199543K, capacity 208442K, committed 209064K, reserved 1226752K
  class space    used 27706K, capacity 31241K, committed 31400K, reserved 1048576K
}
Event: 3673.368 GC heap before
{Heap before GC invocations=56 (full 11):
 PSYoungGen      total 266752K, used 112202K [0x00000000eab00000, 0x0000000100000000, 0x0000000100000000)
  eden space 192000K, 32% used [0x00000000eab00000,0x00000000ee84d550,0x00000000f6680000)
  from space 74752K, 66% used [0x00000000fb080000,0x00000000fe0c55b0,0x00000000ff980000)
  to   space 75776K, 0% used [0x00000000f6680000,0x00000000f6680000,0x00000000fb080000)
 ParOldGen       total 210432K, used 188999K [0x00000000c0000000, 0x00000000ccd80000, 0x00000000eab00000)
  object space 210432K, 89% used [0x00000000c0000000,0x00000000cb891d68,0x00000000ccd80000)
 Metaspace       used 200465K, capacity 209406K, committed 209960K, reserved 1228800K
  class space    used 27853K, capacity 31413K, committed 31528K, reserved 1048576K
Event: 3673.443 GC heap after
Heap after GC invocations=56 (full 11):
 PSYoungGen      total 267776K, used 41004K [0x00000000eab00000, 0x00000000fff80000, 0x0000000100000000)
  eden space 192000K, 0% used [0x00000000eab00000,0x00000000eab00000,0x00000000f6680000)
  from space 75776K, 54% used [0x00000000f6680000,0x00000000f8e8b1b8,0x00000000fb080000)
  to   space 73216K, 0% used [0x00000000fb800000,0x00000000fb800000,0x00000000fff80000)
 ParOldGen       total 210432K, used 189007K [0x00000000c0000000, 0x00000000ccd80000, 0x00000000eab00000)
  object space 210432K, 89% used [0x00000000c0000000,0x00000000cb893d68,0x00000000ccd80000)
 Metaspace       used 200465K, capacity 209406K, committed 209960K, reserved 1228800K
  class space    used 27853K, capacity 31413K, committed 31528K, reserved 1048576K
}
Event: 3673.444 GC heap before
{Heap before GC invocations=57 (full 12):
 PSYoungGen      total 267776K, used 41004K [0x00000000eab00000, 0x00000000fff80000, 0x0000000100000000)
  eden space 192000K, 0% used [0x00000000eab00000,0x00000000eab00000,0x00000000f6680000)
  from space 75776K, 54% used [0x00000000f6680000,0x00000000f8e8b1b8,0x00000000fb080000)
  to   space 73216K, 0% used [0x00000000fb800000,0x00000000fb800000,0x00000000fff80000)
 ParOldGen       total 210432K, used 189007K [0x00000000c0000000, 0x00000000ccd80000, 0x00000000eab00000)
  object space 210432K, 89% used [0x00000000c0000000,0x00000000cb893d68,0x00000000ccd80000)
 Metaspace       used 200465K, capacity 209406K, committed 209960K, reserved 1228800K
  class space    used 27853K, capacity 31413K, committed 31528K, reserved 1048576K
Event: 3675.314 GC heap after
Heap after GC invocations=57 (full 12):
 PSYoungGen      total 267776K, used 2414K [0x00000000eab00000, 0x00000000fff80000, 0x0000000100000000)
  eden space 192000K, 0% used [0x00000000eab00000,0x00000000eab00000,0x00000000f6680000)
  from space 75776K, 3% used [0x00000000f6680000,0x00000000f68db880,0x00000000fb080000)
  to   space 73216K, 0% used [0x00000000fb800000,0x00000000fb800000,0x00000000fff80000)
 ParOldGen       total 210432K, used 209932K [0x00000000c0000000, 0x00000000ccd80000, 0x00000000eab00000)
  object space 210432K, 99% used [0x00000000c0000000,0x00000000ccd03150,0x00000000ccd80000)
 Metaspace       used 200026K, capacity 208382K, committed 209960K, reserved 1228800K
  class space    used 27690K, capacity 30957K, committed 31528K, reserved 1048576K
}
Event: 3683.492 GC heap before
{Heap before GC invocations=58 (full 13):
 PSYoungGen      total 267776K, used 194414K [0x00000000eab00000, 0x00000000fff80000, 0x0000000100000000)
  eden space 192000K, 100% used [0x00000000eab00000,0x00000000f6680000,0x00000000f6680000)
  from space 75776K, 3% used [0x00000000f6680000,0x00000000f68db880,0x00000000fb080000)
  to   space 73216K, 0% used [0x00000000fb800000,0x00000000fb800000,0x00000000fff80000)
 ParOldGen       total 210432K, used 209932K [0x00000000c0000000, 0x00000000ccd80000, 0x00000000eab00000)
  object space 210432K, 99% used [0x00000000c0000000,0x00000000ccd03150,0x00000000ccd80000)
 Metaspace       used 206762K, capacity 215678K, committed 216488K, reserved 1232896K
  class space    used 28664K, capacity 32154K, committed 32424K, reserved 1048576K
Event: 3685.133 GC heap after
Heap after GC invocations=58 (full 13):
 PSYoungGen      total 267776K, used 22209K [0x00000000eab00000, 0x00000000fff80000, 0x0000000100000000)
  eden space 192000K, 11% used [0x00000000eab00000,0x00000000ec0b07e0,0x00000000f6680000)
  from space 75776K, 0% used [0x00000000f6680000,0x00000000f6680000,0x00000000fb080000)
  to   space 73216K, 0% used [0x00000000fb800000,0x00000000fb800000,0x00000000fff80000)
 ParOldGen       total 364544K, used 210430K [0x00000000c0000000, 0x00000000d6400000, 0x00000000eab00000)
  object space 364544K, 57% used [0x00000000c0000000,0x00000000ccd7f8c0,0x00000000d6400000)
 Metaspace       used 206762K, capacity 215678K, committed 216488K, reserved 1232896K
  class space    used 28664K, capacity 32154K, committed 32424K, reserved 1048576K
}

Deoptimization events (10 events):
Event: 3657.711 Thread 0x000000001f508000 Uncommon trap: reason=array_check action=maybe_recompile pc=0x0000000005d4d920 method=java.util.TimSort.mergeHi(IIII)V @ 419
Event: 3657.820 Thread 0x000000001f508000 Uncommon trap: reason=array_check action=maybe_recompile pc=0x0000000005d4d920 method=java.util.TimSort.mergeHi(IIII)V @ 419
Event: 3659.908 Thread 0x000000001f508000 Uncommon trap: reason=array_check action=maybe_recompile pc=0x0000000004d43138 method=java.util.TimSort.mergeHi(IIII)V @ 524
Event: 3659.936 Thread 0x000000001f508000 Uncommon trap: reason=array_check action=maybe_recompile pc=0x0000000004d43138 method=java.util.TimSort.mergeHi(IIII)V @ 524
Event: 3663.096 Thread 0x000000001f508000 Uncommon trap: reason=null_check action=make_not_entrant pc=0x0000000003ec24e4 method=com.android.ide.common.res2.NodeUtils.processSingleNodeNamespace(Lorg/w3c/dom/Node;Lorg/w3c/dom/Document;)Z @ 8
Event: 3667.616 Thread 0x000000001f508000 Uncommon trap: reason=bimorphic action=maybe_recompile pc=0x00000000057275f0 method=com.sun.tools.javac.util.List.contains(Ljava/lang/Object;)Z @ 27
Event: 3667.648 Thread 0x000000001f508000 Uncommon trap: reason=class_check action=maybe_recompile pc=0x00000000051cc44c method=com.sun.tools.javac.jvm.Gen.checkDimension(Lcom/sun/tools/javac/util/JCDiagnostic$DiagnosticPosition;Lcom/sun/tools/javac/code/Type;)V @ 63
Event: 3679.559 Thread 0x000000001f508000 Uncommon trap: reason=bimorphic action=maybe_recompile pc=0x0000000004710220 method=java.lang.StringCoding$StringDecoder.charsetName()Ljava/lang/String; @ 17
Event: 3681.614 Thread 0x000000001f508000 Uncommon trap: reason=array_check action=maybe_recompile pc=0x0000000005e9d1c0 method=java.util.TimSort.mergeHi(IIII)V @ 657
Event: 3688.967 Thread 0x000000001f508000 Uncommon trap: reason=class_check action=maybe_recompile pc=0x00000000051cc44c method=com.sun.tools.javac.jvm.Gen.checkDimension(Lcom/sun/tools/javac/util/JCDiagnostic$DiagnosticPosition;Lcom/sun/tools/javac/code/Type;)V @ 63

Internal exceptions (10 events):
Event: 3686.471 Thread 0x000000001f508000 Exception <a 'java/lang/ClassNotFoundException': com/android/sdklib/BuildToolInfoBeanInfo> (0x00000000ef046420) thrown at [C:\re\workspace\8-2-build-windows-amd64-cygwin\jdk8u45\3627\hotspot\src\share\vm\classfile\systemDictionary.cpp, line 210]
Event: 3686.471 Thread 0x000000001f508000 Exception <a 'java/lang/ClassNotFoundException': com/android/sdklib/BuildToolInfoCustomizer> (0x00000000ef04ffd8) thrown at [C:\re\workspace\8-2-build-windows-amd64-cygwin\jdk8u45\3627\hotspot\src\share\vm\classfile\systemDictionary.cpp, line 210]
Event: 3686.513 Thread 0x000000001f508000 Exception <a 'java/lang/ClassNotFoundException': com/android/build/gradle/internal/core/MergedNdkConfigBeanInfo> (0x00000000ef0c7820) thrown at [C:\re\workspace\8-2-build-windows-amd64-cygwin\jdk8u45\3627\hotspot\src\share\vm\classfile\systemDictionary.cppù/ŒÉÍ¬@
Event: 3686.513 Thread 0x000000001f508000 Exception <a 'java/lang/ClassNotFoundException': com/android/build/gradle/internal/core/MergedNdkConfigCustomizer> (0x00000000ef0d4858) thrown at [C:\re\workspace\8-2-build-windows-amd64-cygwin\jdk8u45\3627\hotspot\src\share\vm\classfile\systemDictionary.c“ûI¨Ï¬@
Event: 3687.829 Thread 0x000000001f508000 Exception <a 'java/lang/ClassNotFoundException': com/google/common/base/JoinerBeanInfo> (0x00000000ef626240) thrown at [C:\re\workspace\8-2-build-windows-amd64-cygwin\jdk8u45\3627\hotspot\src\share\vm\classfile\systemDictionary.cpp, line 210]
Event: 3687.829 Thread 0x000000001f508000 Exception <a 'java/lang/ClassNotFoundException': com/google/common/base/JoinerCustomizer> (0x00000000ef630428) thrown at [C:\re\workspace\8-2-build-windows-amd64-cygwin\jdk8u45\3627\hotspot\src\share\vm\classfile\systemDictionary.cpp, line 210]
Event: 3687.836 Thread 0x000000001f508000 Exception <a 'java/lang/ClassNotFoundException': com/android/build/gradle/tasks/ManifestProcessorTask$1BeanInfo> (0x00000000ef68ad40) thrown at [C:\re\workspace\8-2-build-windows-amd64-cygwin\jdk8u45\3627\hotspot\src\share\vm\classfile\systemDictionary.cppËôu	¬Ï¬@
Event: 3687.836 Thread 0x000000001f508000 Exception <a 'java/lang/ClassNotFoundException': com/android/build/gradle/tasks/ManifestProcessorTask$1Customizer> (0x00000000ef697f08) thrown at [C:\re\workspace\8-2-build-windows-amd64-cygwin\jdk8u45\3627\hotspot\src\share\vm\classfile\systemDictionary.c
Event: 3687.839 Thread 0x000000001f508000 Exception <a 'java/lang/ClassNotFoundException': com/google/common/collect/IterablesBeanInfo> (0x00000000ef6cd328) thrown at [C:\re\workspace\8-2-build-windows-amd64-cygwin\jdk8u45\3627\hotspot\src\share\vm\classfile\systemDictionary.cpp, line 210]
Event: 3687.839 Thread 0x000000001f508000 Exception <a 'java/lang/ClassNotFoundException': com/google/common/collect/IterablesCustomizer> (0x00000000ef6d83b8) thrown at [C:\re\workspace\8-2-build-windows-amd64-cygwin\jdk8u45\3627\hotspot\src\share\vm\classfile\systemDictionary.cpp, line 210]

Events (10 events):
Event: 3689.550 Thread 0x000000001f4fa000 Thread added: 0x000000001f4fa000
Event: 3689.561 Thread 0x000000001f4fd000 Thread added: 0x000000001f4fd000
Event: 3689.561 Thread 0x000000001f509800 Thread added: 0x000000001f509800
Event: 3689.561 Executing VM operation: RevokeBias
Event: 3689.562 Executing VM operation: RevokeBias done
Event: 3689.562 Thread 0x000000002141e000 Thread added: 0x000000002141e000
Event: 3689.562 Executing VM operation: RevokeBias
Event: 3689.562 Thread 0x0000000021420000 Thread added: 0x0000000021420000
Event: 3689.562 Thread 0x000000001f4fd000 Thread exited: 0x000000001f4fd000
Event: 3689.563 Executing VM operation: RevokeBias done


Dynamic libraries:
0x00007ff7552d0000 - 0x00007ff755307000 	C:\Program Files\Java\jdk1.8.0_45\bin\java.exe
0x00007ffc20250000 - 0x00007ffc203fc000 	C:\WINDOWS\SYSTEM32\ntdll.dll
0x00007ffc1fec0000 - 0x00007ffc1fffe000 	C:\WINDOWS\system32\KERNEL32.DLL
0x00007ffc1d6a0000 - 0x00007ffc1d7b5000 	C:\WINDOWS\system32\KERNELBASE.dll
0x00007ffc1bf40000 - 0x00007ffc1bfce000 	C:\WINDOWS\system32\apphelp.dll
0x00007ffc0da70000 - 0x00007ffc0dac3000 	C:\WINDOWS\AppPatch\AppPatch64\AcGenral.DLL
0x00007ffc1e5b0000 - 0x00007ffc1e65a000 	C:\WINDOWS\system32\msvcrt.dll
0x00007ffc1d1d0000 - 0x00007ffc1d1fe000 	C:\WINDOWS\SYSTEM32\SspiCli.dll
0x00007ffc1fe60000 - 0x00007ffc1feb4000 	C:\WINDOWS\system32\SHLWAPI.dll
0x00007ffc20070000 - 0x00007ffc201e7000 	C:\WINDOWS\system32\USER32.dll
0x00007ffc1dd50000 - 0x00007ffc1dee4000 	C:\WINDOWS\system32\ole32.dll
0x00007ffc1e660000 - 0x00007ffc1fb78000 	C:\WINDOWS\system32\SHELL32.dll
0x00007ffc1c9a0000 - 0x00007ffc1c9c1000 	C:\WINDOWS\SYSTEM32\USERENV.dll
0x00007ffc1e200000 - 0x00007ffc1e2aa000 	C:\WINDOWS\system32\ADVAPI32.dll
0x00007ffc16bc0000 - 0x00007ffc16bde000 	C:\WINDOWS\SYSTEM32\MPR.dll
0x00007ffc1dc00000 - 0x00007ffc1dd41000 	C:\WINDOWS\system32\RPCRT4.dll
0x00007ffc1fbe0000 - 0x00007ffc1fc39000 	C:\WINDOWS\SYSTEM32\sechost.dll
0x00007ffc1fc40000 - 0x00007ffc1fe51000 	C:\WINDOWS\SYSTEM32\combase.dll
0x00007ffc1e380000 - 0x00007ffc1e4d1000 	C:\WINDOWS\system32\GDI32.dll
0x00007ffc1d3a0000 - 0x00007ffc1d3b5000 	C:\WINDOWS\SYSTEM32\profapi.dll
0x00007ffc1b8f0000 - 0x00007ffc1b9a2000 	C:\WINDOWS\SYSTEM32\SHCORE.dll
0x00007ffc1def0000 - 0x00007ffc1df26000 	C:\WINDOWS\system32\IMM32.DLL
0x00007ffc1da80000 - 0x00007ffc1dbd2000 	C:\WINDOWS\system32\MSCTF.dll
0x00007ffc1b2a0000 - 0x00007ffc1b51a000 	C:\WINDOWS\WinSxS\amd64_microsoft.windows.common-controls_6595b64144ccf1df_6.0.9600.17810_none_6240b9c7ecbd0bda\COMCTL32.dll
0x0000000068ea0000 - 0x0000000068f72000 	C:\Program Files\Java\jdk1.8.0_45\jre\bin\msvcr100.dll
0x0000000069320000 - 0x0000000069ba3000 	C:\Program Files\Java\jdk1.8.0_45\jre\bin\server\jvm.dll
0x00007ffc15730000 - 0x00007ffc15739000 	C:\WINDOWS\SYSTEM32\WSOCK32.dll
0x00007ffc08550000 - 0x00007ffc08572000 	C:\WINDOWS\SYSTEM32\WINMM.dll
0x00007ffc1ade0000 - 0x00007ffc1adea000 	C:\WINDOWS\SYSTEM32\VERSION.dll
0x00007ffc1e1e0000 - 0x00007ffc1e1e7000 	C:\WINDOWS\system32\PSAPI.DLL
0x00007ffc201f0000 - 0x00007ffc2024a000 	C:\WINDOWS\system32\WS2_32.dll
0x00007ffc08520000 - 0x00007ffc0854a000 	C:\WINDOWS\SYSTEM32\WINMMBASE.dll
0x00007ffc1e1f0000 - 0x00007ffc1e1f9000 	C:\WINDOWS\system32\NSI.dll
0x00007ffc1d470000 - 0x00007ffc1d4bf000 	C:\WINDOWS\SYSTEM32\cfgmgr32.dll
0x00007ffc1c1c0000 - 0x00007ffc1c1e8000 	C:\WINDOWS\SYSTEM32\DEVOBJ.dll
0x0000000069310000 - 0x000000006931f000 	C:\Program Files\Java\jdk1.8.0_45\jre\bin\verify.dll
0x00000000692e0000 - 0x0000000069309000 	C:\Program Files\Java\jdk1.8.0_45\jre\bin\java.dll
0x00000000692c0000 - 0x00000000692d6000 	C:\Program Files\Java\jdk1.8.0_45\jre\bin\zip.dll
0x00007ffc1cc70000 - 0x00007ffc1cc90000 	C:\WINDOWS\SYSTEM32\CRYPTSP.dll
0x00007ffc1c890000 - 0x00007ffc1c8c6000 	C:\WINDOWS\system32\rsaenh.dll
0x00007ffc1cec0000 - 0x00007ffc1cee6000 	C:\WINDOWS\SYSTEM32\bcrypt.dll
0x00007ffc1d200000 - 0x00007ffc1d263000 	C:\WINDOWS\system32\bcryptprimitives.dll
0x00007ffc1d270000 - 0x00007ffc1d27b000 	C:\WINDOWS\SYSTEM32\CRYPTBASE.dll
0x00000000692a0000 - 0x00000000692ba000 	C:\Program Files\Java\jdk1.8.0_45\jre\bin\net.dll
0x00007ffc1cc10000 - 0x00007ffc1cc69000 	C:\WINDOWS\system32\mswsock.dll
0x00007ffc19070000 - 0x00007ffc1909a000 	C:\WINDOWS\SYSTEM32\IPHLPAPI.DLL
0x00007ffc18f80000 - 0x00007ffc18f8a000 	C:\WINDOWS\SYSTEM32\WINNSI.DLL
0x00007ffc18770000 - 0x00007ffc18786000 	C:\WINDOWS\SYSTEM32\dhcpcsvc6.DLL
0x00007ffc18790000 - 0x00007ffc187aa000 	C:\WINDOWS\SYSTEM32\dhcpcsvc.DLL
0x0000000069280000 - 0x0000000069291000 	C:\Program Files\Java\jdk1.8.0_45\jre\bin\nio.dll
0x00007ffc1a010000 - 0x00007ffc1a022000 	C:\Users\localadmin\AppData\Local\Temp\native-platform7426503520767084505dir\native-platform.dll
0x00007ffc0f2a0000 - 0x00007ffc0f429000 	C:\WINDOWS\SYSTEM32\dbghelp.dll

VM Arguments:
jvm_args: -XX:MaxPermSize=256m -XX:+HeapDumpOnOutOfMemoryError -Xmx1024m -Dfile.encoding=windows-1252 -Duser.country=NL -Duser.language=nl -Duser.variant 
java_command: org.gradle.launcher.daemon.bootstrap.GradleDaemon 2.2.1 C:\Users\localadmin\.gradle\daemon 10800000 fde64ce9-5552-43fc-aa6f-93e187fd836d -XX:MaxPermSize=256m -XX:+HeapDumpOnOutOfMemoryError -Xmx1024m -Dfile.encoding=windows-1252 -Duser.country=NL -Duser.language=nl -Duser.variant
java_class_path (initial): C:\Program Files\Android\Android Studio\gradle\gradle-2.2.1\lib\gradle-launcher-2.2.1.jar
Launcher Type: SUN_STANDARD

Environment Variables:
JAVA_HOME=C:\Program Files\Java\jdk1.8.0_45
PATH=C:\ProgramData\Oracle\Java\javapath;C:\WINDOWS\system32;C:\WINDOWS;C:\WINDOWS\System32\Wbem;C:\WINDOWS\System32\WindowsPowerShell\v1.0\;C:\Program Files (x86)\ATI Technologies\ATI.ACE\Core-Static;C:\Program Files\Microsoft SQL Server\110\Tools\Binn\;C:\Program Files (x86)\Windows Live\Shared
USERNAME=localadmin
OS=Windows_NT
PROCESSOR_IDENTIFIER=Intel64 Family 6 Model 58 Stepping 9, GenuineIntel



---------------  S Y S T E M  ---------------

OS: Windows 8.1 , 64 bit Build 9600 (6.3.9600.17415)

CPU:total 8 (4 cores per cpu, 2 threads per core) family 6 model 58 stepping 9, cmov, cx8, fxsr, mmx, sse, sse2, sse3, ssse3, sse4.1, sse4.2, popcnt, avx, aes, clmul, erms, ht, tsc, tscinvbit, tscinv

Memory: 4k page, physical 8318456k(853876k free), swap 11464184k(33700k free)

vm_info: Java HotSpot(TM) 64-Bit Server VM (25.45-b02) for windows-amd64 JRE (1.8.0_45-b15), built on Apr 30 2015 12:40:44 by "java_re" with MS VC++ 10.0 (VS2010)

time: Mon Jun 22 16:29:24 2015
elapsed time: 3689 seconds (0d 1h 1m 29s)

