#
# There is insufficient memory for the Java Runtime Environment to continue.
# Native memory allocation (malloc) failed to allocate 1048576 bytes for AllocateHeap
# Possible reasons:
#   The system is out of physical RAM or swap space
#   In 32 bit mode, the process size limit was hit
# Possible solutions:
#   Reduce memory load on the system
#   Increase physical memory or swap space
#   Check if swap backing store is full
#   Use 64 bit Java on a 64 bit OS
#   Decrease Java heap size (-Xmx/-Xms)
#   Decrease number of Java threads
#   Decrease Java thread stack sizes (-Xss)
#   Set larger code cache with -XX:ReservedCodeCacheSize=
# This output file may be truncated or incomplete.
#
#  Out of Memory Error (memory/allocation.inline.hpp:61), pid=3632, tid=8232
#
# JRE version:  (8.0_45-b15) (build )
# Java VM: Java HotSpot(TM) 64-Bit Server VM (25.45-b02 mixed mode windows-amd64 compressed oops)
# Failed to write core dump. Minidumps are not enabled by default on client versions of Windows
#

---------------  T H R E A D  ---------------

Current thread (0x0000000001f90800):  JavaThread "Unknown thread" [_thread_in_vm, id=8232, stack(0x0000000001e90000,0x0000000001f90000)]

Stack: [0x0000000001e90000,0x0000000001f90000]
Native frames: (J=compiled Java code, j=interpreted, Vv=VM code, C=native code)
V  [jvm.dll+0x32b57a]
V  [jvm.dll+0x279873]
V  [jvm.dll+0x27a509]
V  [jvm.dll+0x271825]
V  [jvm.dll+0x1606]
V  [jvm.dll+0x3f7fb2]
V  [jvm.dll+0x3f898f]
V  [jvm.dll+0x3f8a5d]
V  [jvm.dll+0x3f8c26]
V  [jvm.dll+0xf2cf2]
V  [jvm.dll+0x20f0c9]
V  [jvm.dll+0x240e0a]
V  [jvm.dll+0x15ba41]
C  [java.exe+0x216e]
C  [java.exe+0xcce7]
C  [java.exe+0xcd7b]
C  [KERNEL32.DLL+0x13d2]
C  [ntdll.dll+0x15444]


---------------  P R O C E S S  ---------------

Java Threads: ( => current thread )

Other Threads:

=>0x0000000001f90800 (exited) JavaThread "Unknown thread" [_thread_in_vm, id=8232, stack(0x0000000001e90000,0x0000000001f90000)]

VM state:not at safepoint (normal execution)

VM Mutex/Monitor currently owned by a thread: None

Heap:
 PSYoungGen      total 38400K, used 665K [0x00000000eab00000, 0x00000000ed580000, 0x0000000100000000)
  eden space 33280K, 2% used [0x00000000eab00000,0x00000000eaba6670,0x00000000ecb80000)
  from space 5120K, 0% used [0x00000000ed080000,0x00000000ed080000,0x00000000ed580000)
  to   space 5120K, 0% used [0x00000000ecb80000,0x00000000ecb80000,0x00000000ed080000)
 ParOldGen       total 87552K, used 0K [0x00000000c0000000, 0x00000000c5580000, 0x00000000eab00000)
  object space 87552K, 0% used [0x00000000c0000000,0x00000000c0000000,0x00000000c5580000)
 Metaspace       used 766K, capacity 4480K, committed 4480K, reserved 1056768K
  class space    used 75K, capacity 384K, committed 384K, reserved 1048576K

Card table byte_map: [0x0000000011450000,0x0000000011660000] byte_map_base: 0x0000000010e50000

Marking Bits: (ParMarkBitMap*) 0x0000000069b24040
 Begin Bits: [0x0000000011fc0000, 0x0000000012fc0000)
 End Bits:   [0x0000000012fc0000, 0x0000000013fc0000)

Polling page: 0x0000000001e40000

CodeCache: size=245760Kb used=328Kb max_used=328Kb free=245431Kb
 bounds [0x0000000002090000, 0x0000000002300000, 0x0000000011090000]
 total_blobs=57 nmethods=0 adapters=37
 compilation: enabled

Compilation events (0 events):
No events

GC Heap History (0 events):
No events

Deoptimization events (0 events):
No events

Internal exceptions (0 events):
No events

Events (10 events):
Event: 0.123 loading class java/lang/Short
Event: 0.123 loading class java/lang/Short done
Event: 0.123 loading class java/lang/Integer
Event: 0.124 loading class java/lang/Integer done
Event: 0.124 loading class java/lang/Long
Event: 0.125 loading class java/lang/Long done
Event: 0.126 loading class java/lang/NullPointerException
Event: 0.126 loading class java/lang/NullPointerException done
Event: 0.126 loading class java/lang/ArithmeticException
Event: 0.126 loading class java/lang/ArithmeticException done


Dynamic libraries:
0x00007ff7552d0000 - 0x00007ff755307000 	C:\Program Files\Java\jdk1.8.0_45\bin\java.exe
0x00007ffc20250000 - 0x00007ffc203fc000 	C:\WINDOWS\SYSTEM32\ntdll.dll
0x00007ffc1fec0000 - 0x00007ffc1fffe000 	C:\WINDOWS\system32\KERNEL32.DLL
0x00007ffc1d6a0000 - 0x00007ffc1d7b5000 	C:\WINDOWS\system32\KERNELBASE.dll
0x00007ffc1bf40000 - 0x00007ffc1bfce000 	C:\WINDOWS\system32\apphelp.dll
0x00007ffc0da70000 - 0x00007ffc0dac3000 	C:\WINDOWS\AppPatch\AppPatch64\AcGenral.DLL
0x00007ffc1e5b0000 - 0x00007ffc1e65a000 	C:\WINDOWS\system32\msvcrt.dll
0x00007ffc1d1d0000 - 0x00007ffc1d1fe000 	C:\WINDOWS\SYSTEM32\SspiCli.dll
0x00007ffc1fe60000 - 0x00007ffc1feb4000 	C:\WINDOWS\system32\SHLWAPI.dll
0x00007ffc20070000 - 0x00007ffc201e7000 	C:\WINDOWS\system32\USER32.dll
0x00007ffc1dd50000 - 0x00007ffc1dee4000 	C:\WINDOWS\system32\ole32.dll
0x00007ffc1e660000 - 0x00007ffc1fb78000 	C:\WINDOWS\system32\SHELL32.dll
0x00007ffc1c9a0000 - 0x00007ffc1c9c1000 	C:\WINDOWS\SYSTEM32\USERENV.dll
0x00007ffc1e200000 - 0x00007ffc1e2aa000 	C:\WINDOWS\system32\ADVAPI32.dll
0x00007ffc16bc0000 - 0x00007ffc16bde000 	C:\WINDOWS\SYSTEM32\MPR.dll
0x00007ffc1dc00000 - 0x00007ffc1dd41000 	C:\WINDOWS\system32\RPCRT4.dll
0x00007ffc1fbe0000 - 0x00007ffc1fc39000 	C:\WINDOWS\SYSTEM32\sechost.dll
0x00007ffc1fc40000 - 0x00007ffc1fe51000 	C:\WINDOWS\SYSTEM32\combase.dll
0x00007ffc1e380000 - 0x00007ffc1e4d1000 	C:\WINDOWS\system32\GDI32.dll
0x00007ffc1d3a0000 - 0x00007ffc1d3b5000 	C:\WINDOWS\SYSTEM32\profapi.dll
0x00007ffc1b8f0000 - 0x00007ffc1b9a2000 	C:\WINDOWS\SYSTEM32\SHCORE.dll
0x00007ffc1def0000 - 0x00007ffc1df26000 	C:\WINDOWS\system32\IMM32.DLL
0x00007ffc1da80000 - 0x00007ffc1dbd2000 	C:\WINDOWS\system32\MSCTF.dll
0x00007ffc1b2a0000 - 0x00007ffc1b51a000 	C:\WINDOWS\WinSxS\amd64_microsoft.windows.common-controls_6595b64144ccf1df_6.0.9600.17810_none_6240b9c7ecbd0bda\COMCTL32.dll
0x0000000068ea0000 - 0x0000000068f72000 	C:\Program Files\Java\jdk1.8.0_45\jre\bin\msvcr100.dll
0x0000000069320000 - 0x0000000069ba3000 	C:\Program Files\Java\jdk1.8.0_45\jre\bin\server\jvm.dll
0x00007ffc15730000 - 0x00007ffc15739000 	C:\WINDOWS\SYSTEM32\WSOCK32.dll
0x00007ffc08550000 - 0x00007ffc08572000 	C:\WINDOWS\SYSTEM32\WINMM.dll
0x00007ffc1ade0000 - 0x00007ffc1adea000 	C:\WINDOWS\SYSTEM32\VERSION.dll
0x00007ffc1e1e0000 - 0x00007ffc1e1e7000 	C:\WINDOWS\system32\PSAPI.DLL
0x00007ffc201f0000 - 0x00007ffc2024a000 	C:\WINDOWS\system32\WS2_32.dll
0x00007ffc08520000 - 0x00007ffc0854a000 	C:\WINDOWS\SYSTEM32\WINMMBASE.dll
0x00007ffc1e1f0000 - 0x00007ffc1e1f9000 	C:\WINDOWS\system32\NSI.dll
0x00007ffc1d470000 - 0x00007ffc1d4bf000 	C:\WINDOWS\SYSTEM32\cfgmgr32.dll
0x00007ffc1c1c0000 - 0x00007ffc1c1e8000 	C:\WINDOWS\SYSTEM32\DEVOBJ.dll
0x0000000069310000 - 0x000000006931f000 	C:\Program Files\Java\jdk1.8.0_45\jre\bin\verify.dll
0x00000000692e0000 - 0x0000000069309000 	C:\Program Files\Java\jdk1.8.0_45\jre\bin\java.dll
0x00000000692c0000 - 0x00000000692d6000 	C:\Program Files\Java\jdk1.8.0_45\jre\bin\zip.dll
0x00007ffc0f2a0000 - 0x00007ffc0f429000 	C:\WINDOWS\SYSTEM32\dbghelp.dll

VM Arguments:
jvm_args: -Xmx1024M -Dfile.encoding=windows-1252 -Duser.country=NL -Duser.language=nl -Duser.variant 
java_command: com.android.dx.command.Main --dex --num-threads=4 --output C:\Users\localadmin\Downloads\TestApp1\app\build\intermediates\dex\debug C:\Users\localadmin\Downloads\TestApp1\app\build\intermediates\classes\debug C:\Users\localadmin\Downloads\TestApp1\app\build\intermediates\pre-dexed\debug\support-annotations-22.2.0-96ee2eaae2cdece7dc347e95e08ef5c6637e2426.jar C:\Users\localadmin\Downloads\TestApp1\app\build\intermediates\pre-dexed\debug\classes-b356e99ced108e1ecbc98dbd767fd2a54cc53809.jar C:\Users\localadmin\Downloads\TestApp1\app\build\intermediates\pre-dexed\debug\internal_impl-22.2.0-4dc4512bfbec9092c2f43e14b7b943d400d3c620.jar C:\Users\localadmin\Downloads\TestApp1\app\build\intermediates\pre-dexed\debug\classes-ae0ad437fcd6a27f5f6286b0de0ad3af262a9acd.jar C:\Users\localadmin\Downloads\TestApp1\app\build\intermediates\pre-dexed\debug\classes-0cd75c2774d9e7a0b5e6ff7cc307859deb25cc45.jar
java_class_path (initial): C:\Users\localadmin\AppData\Local\Android\sdk2\build-tools\23.0.0_rc2\lib\dx.jar
Launcher Type: SUN_STANDARD

Environment Variables:
JAVA_HOME=C:\Program Files\Java\jdk1.8.0_45
PATH=C:\ProgramData\Oracle\Java\javapath;C:\WINDOWS\system32;C:\WINDOWS;C:\WINDOWS\System32\Wbem;C:\WINDOWS\System32\WindowsPowerShell\v1.0\;C:\Program Files (x86)\ATI Technologies\ATI.ACE\Core-Static;C:\Program Files\Microsoft SQL Server\110\Tools\Binn\;C:\Program Files (x86)\Windows Live\Shared
USERNAME=localadmin
OS=Windows_NT
PROCESSOR_IDENTIFIER=Intel64 Family 6 Model 58 Stepping 9, GenuineIntel



---------------  S Y S T E M  ---------------

OS: Windows 8.1 , 64 bit Build 9600 (6.3.9600.17415)

CPU:total 8 (4 cores per cpu, 2 threads per core) family 6 model 58 stepping 9, cmov, cx8, fxsr, mmx, sse, sse2, sse3, ssse3, sse4.1, sse4.2, popcnt, avx, aes, clmul, erms, ht, tsc, tscinvbit, tscinv

Memory: 4k page, physical 8318456k(977372k free), swap 11464184k(11352k free)

vm_info: Java HotSpot(TM) 64-Bit Server VM (25.45-b02) for windows-amd64 JRE (1.8.0_45-b15), built on Apr 30 2015 12:40:44 by "java_re" with MS VC++ 10.0 (VS2010)

time: Mon Jun 22 16:55:27 2015
elapsed time: 0 seconds (0d 0h 0m 0s)

